Copyright 1986-2020 Xilinx, Inc. All Rights Reserved.
------------------------------------------------------------------------------------------
| Tool Version : Vivado v.2020.2 (win64) Build 3064766 Wed Nov 18 09:12:45 MST 2020
| Date         : Mon Mar 24 10:46:11 2025
| Host         : DESKTOP-7CFQ9ND running 64-bit major release  (build 9200)
| Command      : report_control_sets -verbose -file top_uart_fifo_control_sets_placed.rpt
| Design       : top_uart_fifo
| Device       : xc7a35t
------------------------------------------------------------------------------------------

Control Set Information

Table of Contents
-----------------
1. Summary
2. Histogram
3. Flip-Flop Distribution
4. Detailed Control Set Information

1. Summary
----------

+----------------------------------------------------------+-------+
|                          Status                          | Count |
+----------------------------------------------------------+-------+
| Total control sets                                       |    30 |
|    Minimum number of control sets                        |    30 |
|    Addition due to synthesis replication                 |     0 |
|    Addition due to physical synthesis replication        |     0 |
| Unused register locations in slices containing registers |   115 |
+----------------------------------------------------------+-------+
* Control sets can be merged at opt_design using control_set_merge or merge_equivalent_drivers
** Run report_qor_suggestions for automated merging and remapping suggestions


2. Histogram
------------

+--------------------+-------+
|       Fanout       | Count |
+--------------------+-------+
| Total control sets |    30 |
| >= 0 to < 4        |     9 |
| >= 4 to < 6        |     9 |
| >= 6 to < 8        |     7 |
| >= 8 to < 10       |     1 |
| >= 10 to < 12      |     0 |
| >= 12 to < 14      |     0 |
| >= 14 to < 16      |     0 |
| >= 16              |     4 |
+--------------------+-------+
* Control sets can be remapped at either synth_design or opt_design


3. Flip-Flop Distribution
-------------------------

+--------------+-----------------------+------------------------+-----------------+--------------+
| Clock Enable | Synchronous Set/Reset | Asynchronous Set/Reset | Total Registers | Total Slices |
+--------------+-----------------------+------------------------+-----------------+--------------+
| No           | No                    | No                     |               7 |            7 |
| No           | No                    | Yes                    |             153 |           55 |
| No           | Yes                   | No                     |               0 |            0 |
| Yes          | No                    | No                     |               0 |            0 |
| Yes          | No                    | Yes                    |              85 |           32 |
| Yes          | Yes                   | No                     |               8 |            3 |
+--------------+-----------------------+------------------------+-----------------+--------------+


4. Detailed Control Set Information
-----------------------------------

+-------------------------------------------------+---------------------------------------------------------------+----------------------------------+------------------+----------------+--------------+
|                   Clock Signal                  |                         Enable Signal                         |         Set/Reset Signal         | Slice Load Count | Bel Load Count | Bels / Slice |
+-------------------------------------------------+---------------------------------------------------------------+----------------------------------+------------------+----------------+--------------+
|  U_UART/U_UART_RX/rx_data_next__0[3]            |                                                               |                                  |                1 |              1 |         1.00 |
|  U_UART/U_UART_RX/rx_data_next__0[7]            |                                                               |                                  |                1 |              1 |         1.00 |
|  U_UART/U_UART_RX/rx_data_next__0[6]            |                                                               |                                  |                1 |              1 |         1.00 |
|  U_UART/U_UART_RX/rx_data_next__0[1]            |                                                               |                                  |                1 |              1 |         1.00 |
|  U_UART/U_UART_RX/rx_data_next__0[0]            |                                                               |                                  |                1 |              1 |         1.00 |
|  U_UART/U_UART_RX/rx_data_next__0[2]            |                                                               |                                  |                1 |              1 |         1.00 |
|  U_UART/U_UART_RX/rx_data_next__0[4]            |                                                               |                                  |                1 |              1 |         1.00 |
|  clk_IBUF_BUFG                                  | U_UART/U_UART_TX/tx_next                                      | rst_IBUF                         |                1 |              1 |         1.00 |
|  U_STOPWATCH_WATCH/U_fnd_ctrl/U_Clk_Divider/CLK |                                                               | U_STOPWATCH_WATCH/db_reset/AR[0] |                2 |              3 |         1.50 |
|  clk_IBUF_BUFG                                  | U_UART/U_UART_RX/E[0]                                         | rst_IBUF                         |                1 |              4 |         4.00 |
|  clk_IBUF_BUFG                                  | U_UART/U_UART_TX/tick_count_next                              | rst_IBUF                         |                3 |              4 |         1.33 |
|  clk_IBUF_BUFG                                  | U_UART/U_UART_TX/tx_done_reg_reg_0[0]                         | rst_IBUF                         |                1 |              4 |         4.00 |
|  clk_IBUF_BUFG                                  | FIFO_RX/U_FIFO_CU/wptr_reg[3]_i_1_n_0                         | rst_IBUF                         |                1 |              4 |         4.00 |
|  clk_IBUF_BUFG                                  | FIFO_TX/U_FIFO_CU/I8                                          | rst_IBUF                         |                1 |              4 |         4.00 |
|  clk_IBUF_BUFG                                  | FIFO_TX/U_FIFO_CU/wptr_reg[3]_i_1__0_n_0                      | rst_IBUF                         |                1 |              4 |         4.00 |
|  clk_IBUF_BUFG                                  | U_UART/U_UART_RX/tick_count_next                              | rst_IBUF                         |                3 |              5 |         1.67 |
|  clk_IBUF_BUFG                                  | U_STOPWATCH_WATCH/U_stopwatch_cu/FSM_onehot_state_reg[2]_1[0] | U_STOPWATCH_WATCH/db_reset/AR[0] |                1 |              5 |         5.00 |
|  clk_IBUF_BUFG                                  | U_STOPWATCH_WATCH/U_clock_dp/U_min/E[0]                       | U_STOPWATCH_WATCH/db_reset/AR[0] |                1 |              5 |         5.00 |
|  clk_IBUF_BUFG                                  | U_STOPWATCH_WATCH/U_stopwatch_cu/FSM_onehot_state_reg[2]_0[0] | U_STOPWATCH_WATCH/db_reset/AR[0] |                2 |              6 |         3.00 |
|  clk_IBUF_BUFG                                  | U_STOPWATCH_WATCH/U_stopwatch_cu/E[0]                         | U_STOPWATCH_WATCH/db_reset/AR[0] |                2 |              6 |         3.00 |
|  clk_IBUF_BUFG                                  | U_STOPWATCH_WATCH/U_clk_cu/o_min_inc_reg_0[0]                 | U_STOPWATCH_WATCH/db_reset/AR[0] |                3 |              6 |         2.00 |
|  clk_IBUF_BUFG                                  | U_STOPWATCH_WATCH/U_clk_cu/E[0]                               | U_STOPWATCH_WATCH/db_reset/AR[0] |                2 |              6 |         3.00 |
|  clk_IBUF_BUFG                                  | U_STOPWATCH_WATCH/U_stopwatch_cu/FSM_onehot_state_reg[2]_2[0] | U_STOPWATCH_WATCH/db_reset/AR[0] |                3 |              7 |         2.33 |
|  clk_IBUF_BUFG                                  | U_STOPWATCH_WATCH/U_stopwatch_dp/U_CLK_Div/E[0]               | U_STOPWATCH_WATCH/db_reset/AR[0] |                4 |              7 |         1.75 |
|  clk_IBUF_BUFG                                  | U_STOPWATCH_WATCH/U_clock_dp/U_CLK_Div/E[0]                   | U_STOPWATCH_WATCH/db_reset/AR[0] |                2 |              7 |         3.50 |
|  clk_IBUF_BUFG                                  | FIFO_RX/U_FIFO_CU/empty_reg_reg_inv_0                         | rst_IBUF                         |                3 |              8 |         2.67 |
|  clk_IBUF_BUFG                                  | U_UART/U_UART_RX/I8                                           |                                  |                2 |             16 |         8.00 |
|  clk_IBUF_BUFG                                  | FIFO_TX/U_FIFO_CU/I8                                          |                                  |                2 |             16 |         8.00 |
|  clk_IBUF_BUFG                                  |                                                               | U_STOPWATCH_WATCH/db_reset/AR[0] |               25 |             66 |         2.64 |
|  clk_IBUF_BUFG                                  |                                                               | rst_IBUF                         |               28 |             84 |         3.00 |
+-------------------------------------------------+---------------------------------------------------------------+----------------------------------+------------------+----------------+--------------+


