Copyright 1986-2022 Xilinx, Inc. All Rights Reserved.
---------------------------------------------------------------------------------------
| Tool Version : Vivado v.2022.2 (win64) Build 3671981 Fri Oct 14 05:00:03 MDT 2022
| Date         : Tue Mar 25 22:05:27 2025
| Host         : BOOK-CTJOQLMG70 running 64-bit major release  (build 9200)
| Command      : report_control_sets -verbose -file top_sensor_control_sets_placed.rpt
| Design       : top_sensor
| Device       : xc7a35t
---------------------------------------------------------------------------------------

Control Set Information

Table of Contents
-----------------
1. Summary
2. Histogram
3. Flip-Flop Distribution
4. Detailed Control Set Information

1. Summary
----------

+----------------------------------------------------------+-------+
|                          Status                          | Count |
+----------------------------------------------------------+-------+
| Total control sets                                       |     5 |
|    Minimum number of control sets                        |     5 |
|    Addition due to synthesis replication                 |     0 |
|    Addition due to physical synthesis replication        |     0 |
| Unused register locations in slices containing registers |     7 |
+----------------------------------------------------------+-------+
* Control sets can be merged at opt_design using control_set_merge or merge_equivalent_drivers
** Run report_qor_suggestions for automated merging and remapping suggestions


2. Histogram
------------

+--------------------+-------+
|       Fanout       | Count |
+--------------------+-------+
| Total control sets |     5 |
| >= 0 to < 4        |     1 |
| >= 4 to < 6        |     0 |
| >= 6 to < 8        |     1 |
| >= 8 to < 10       |     1 |
| >= 10 to < 12      |     0 |
| >= 12 to < 14      |     0 |
| >= 14 to < 16      |     0 |
| >= 16              |     2 |
+--------------------+-------+
* Control sets can be remapped at either synth_design or opt_design


3. Flip-Flop Distribution
-------------------------

+--------------+-----------------------+------------------------+-----------------+--------------+
| Clock Enable | Synchronous Set/Reset | Asynchronous Set/Reset | Total Registers | Total Slices |
+--------------+-----------------------+------------------------+-----------------+--------------+
| No           | No                    | No                     |               0 |            0 |
| No           | No                    | Yes                    |              58 |           17 |
| No           | Yes                   | No                     |               0 |            0 |
| Yes          | No                    | No                     |               0 |            0 |
| Yes          | No                    | Yes                    |              23 |            9 |
| Yes          | Yes                   | No                     |               0 |            0 |
+--------------+-----------------------+------------------------+-----------------+--------------+


4. Detailed Control Set Information
-----------------------------------

+-------------------------------+----------------------------+------------------+------------------+----------------+--------------+
|          Clock Signal         |        Enable Signal       | Set/Reset Signal | Slice Load Count | Bel Load Count | Bels / Slice |
+-------------------------------+----------------------------+------------------+------------------+----------------+--------------+
|  U_fnd_contrl/u_clock_div/CLK |                            | reset_IBUF       |                1 |              2 |         2.00 |
|  clk_IBUF_BUFG                | U_senor_cu/start_tick_next | reset_IBUF       |                2 |              7 |         3.50 |
|  U_btn_db/r_1khz_reg_n_0      |                            | reset_IBUF       |                1 |              8 |         8.00 |
|  clk_IBUF_BUFG                | U_senor_cu/data_next       | reset_IBUF       |                7 |             16 |         2.29 |
|  clk_IBUF_BUFG                |                            | reset_IBUF       |               15 |             48 |         3.20 |
+-------------------------------+----------------------------+------------------+------------------+----------------+--------------+


